TN:
SF:src/presentation/helpers/http-response.js
FN:5,badRequest
FN:12,serverError
FN:18,unauthorizedError
FNF:3
FNH:3
FNDA:2,badRequest
FNDA:4,serverError
FNDA:3,unauthorizedError
DA:1,1
DA:2,1
DA:3,1
DA:4,1
DA:5,1
DA:6,2
DA:7,2
DA:8,2
DA:9,2
DA:10,2
DA:11,1
DA:12,1
DA:13,4
DA:14,4
DA:15,4
DA:16,4
DA:17,1
DA:18,1
DA:19,3
DA:20,3
DA:21,3
DA:22,3
DA:23,3
DA:24,1
LF:24
LH:24
BRF:0
BRH:0
end_of_record
TN:
SF:src/presentation/helpers/missing-param-error.js
FN:2,MissingParamError
FNF:1
FNH:1
FNDA:4,MissingParamError
DA:1,1
DA:2,1
DA:3,4
DA:4,4
DA:5,4
DA:6,1
LF:6
LH:6
BRF:0
BRH:0
end_of_record
TN:
SF:src/presentation/helpers/unauthorized-error.js
FN:2,UnauthorizedError
FNF:1
FNH:1
FNDA:4,UnauthorizedError
DA:1,1
DA:2,1
DA:3,4
DA:4,4
DA:5,4
DA:6,1
LF:6
LH:6
BRF:0
BRH:0
end_of_record
TN:
SF:src/presentation/routers/login-router.js
FN:4,LoginRouter
FN:7,route
FNF:2
FNH:2
FNDA:9,LoginRouter
FNDA:9,route
DA:1,1
DA:2,1
DA:3,1
DA:4,1
DA:5,9
DA:6,9
DA:7,1
DA:8,9
DA:9,4
DA:10,4
DA:11,5
DA:12,9
DA:13,1
DA:14,1
DA:15,9
DA:16,1
DA:17,1
DA:18,3
DA:19,3
DA:20,3
DA:21,3
DA:22,0
DA:23,0
DA:24,0
DA:25,0
DA:26,1
LF:26
LH:22
BRDA:4,0,0,9
BRDA:7,1,0,9
BRDA:8,2,0,8
BRDA:8,3,0,7
BRDA:8,4,0,6
BRDA:8,5,0,4
BRDA:11,6,0,5
BRDA:12,7,0,1
BRDA:15,8,0,4
BRDA:15,9,0,1
BRDA:18,10,0,3
BRDA:22,11,0,0
BRF:12
BRH:11
end_of_record
