TN:
SF:src/app.js
FNF:0
FNH:0
DA:1,1
DA:2,1
DA:3,1
DA:4,1
DA:5,1
DA:6,1
DA:7,1
DA:8,1
DA:9,1
DA:10,1
DA:11,1
DA:12,1
DA:13,1
DA:14,1
DA:15,1
DA:16,1
DA:17,1
DA:18,1
DA:19,1
LF:19
LH:19
BRF:0
BRH:0
end_of_record
TN:
SF:src/routes.js
FNF:0
FNH:0
DA:1,1
DA:2,1
DA:3,1
DA:4,1
DA:5,1
DA:6,1
DA:7,1
DA:8,1
DA:9,1
DA:10,1
DA:11,1
DA:12,1
DA:13,1
DA:14,1
DA:15,1
DA:16,1
DA:17,1
DA:18,1
DA:19,1
DA:20,1
DA:21,1
DA:22,1
LF:22
LH:22
BRF:0
BRH:0
end_of_record
TN:
SF:src/config/database.js
FNF:0
FNH:0
DA:1,1
DA:2,1
DA:3,1
DA:4,1
DA:5,1
DA:6,1
DA:7,1
LF:7
LH:7
BRF:0
BRH:0
end_of_record
TN:
SF:src/controllers/ProjectController.js
FN:5,index
FN:9,store
FNF:2
FNH:2
FNDA:1,index
FNDA:3,store
DA:1,1
DA:2,1
DA:3,1
DA:4,1
DA:5,1
DA:6,1
DA:7,1
DA:8,1
DA:9,1
DA:10,3
DA:11,3
DA:12,3
DA:13,1
DA:14,1
DA:15,2
DA:16,2
DA:17,2
DA:18,1
LF:18
LH:18
BRDA:5,0,0,1
BRDA:9,1,0,3
BRDA:12,2,0,1
BRDA:15,3,0,2
BRF:4
BRH:4
end_of_record
TN:
SF:src/controllers/UserController.js
FN:5,index
FN:9,store
FN:19,login
FN:28,logout
FNF:4
FNH:4
FNDA:1,index
FNDA:17,store
FNDA:10,login
FNDA:1,logout
DA:1,1
DA:2,1
DA:3,1
DA:4,1
DA:5,1
DA:6,1
DA:7,1
DA:8,1
DA:9,1
DA:10,17
DA:11,17
DA:12,17
DA:13,2
DA:14,2
DA:15,15
DA:16,15
DA:17,15
DA:18,1
DA:19,1
DA:20,10
DA:21,10
DA:22,10
DA:23,1
DA:24,1
DA:25,9
DA:26,9
DA:27,1
DA:28,1
DA:29,1
DA:30,1
DA:31,1
LF:31
LH:31
BRDA:5,0,0,1
BRDA:9,1,0,17
BRDA:12,2,0,2
BRDA:15,3,0,15
BRDA:19,4,0,10
BRDA:22,5,0,1
BRDA:25,6,0,9
BRDA:28,7,0,1
BRF:8
BRH:8
end_of_record
TN:
SF:src/database/index.js
FNF:0
FNH:0
DA:1,1
DA:2,1
DA:3,1
DA:4,1
DA:5,1
DA:6,1
DA:7,1
DA:8,1
DA:9,1
DA:10,1
DA:11,1
DA:12,1
DA:13,1
DA:14,1
DA:15,1
DA:16,1
DA:17,1
DA:18,1
DA:19,1
DA:20,1
DA:21,1
LF:21
LH:21
BRF:0
BRH:0
end_of_record
TN:
SF:src/middlewares/auth.js
FN:3,Object.<anonymous>.module.exports
FNF:1
FNH:1
FNDA:7,Object.<anonymous>.module.exports
DA:1,1
DA:2,1
DA:3,1
DA:4,7
DA:5,7
DA:6,7
DA:7,7
DA:8,7
DA:9,7
DA:10,7
DA:11,7
DA:12,7
DA:13,1
DA:14,1
DA:15,7
LF:15
LH:15
BRDA:3,0,0,7
BRDA:6,1,0,0
BRDA:7,2,0,0
BRDA:12,3,0,1
BRF:4
BRH:2
end_of_record
TN:
SF:src/models/Project.js
FN:5,init
FN:13,auth
FN:21,associate
FNF:3
FNH:3
FNDA:3,init
FNDA:1,auth
FNDA:3,associate
DA:1,1
DA:2,1
DA:3,1
DA:4,1
DA:5,1
DA:6,3
DA:7,3
DA:8,3
DA:9,3
DA:10,3
DA:11,3
DA:12,3
DA:13,3
DA:14,1
DA:15,1
DA:16,3
DA:17,3
DA:18,3
DA:19,3
DA:20,1
DA:21,1
DA:22,3
DA:23,3
DA:24,3
DA:25,3
DA:26,1
DA:27,1
DA:28,1
LF:28
LH:28
BRDA:5,0,0,3
BRDA:13,1,0,1
BRDA:21,2,0,3
BRF:3
BRH:3
end_of_record
TN:
SF:src/models/ProjectTag.js
FN:4,init
FN:10,associate
FNF:2
FNH:2
FNDA:3,init
FNDA:3,associate
DA:1,1
DA:2,1
DA:3,1
DA:4,1
DA:5,3
DA:6,3
DA:7,3
DA:8,3
DA:9,1
DA:10,1
DA:11,3
DA:12,3
DA:13,3
DA:14,1
DA:15,1
DA:16,1
LF:16
LH:16
BRDA:4,0,0,3
BRDA:10,1,0,3
BRF:2
BRH:2
end_of_record
TN:
SF:src/models/Tag.js
FN:4,init
FN:12,associate
FNF:2
FNH:2
FNDA:3,init
FNDA:3,associate
DA:1,1
DA:2,1
DA:3,1
DA:4,1
DA:5,3
DA:6,3
DA:7,3
DA:8,3
DA:9,3
DA:10,3
DA:11,1
DA:12,1
DA:13,3
DA:14,3
DA:15,3
DA:16,1
DA:17,1
DA:18,1
LF:18
LH:18
BRDA:4,0,0,3
BRDA:12,1,0,3
BRF:2
BRH:2
end_of_record
TN:
SF:src/models/User.js
FN:5,init
FN:20,associate
FN:24,checkPassword
FNF:3
FNH:3
FNDA:3,init
FNDA:3,associate
FNDA:8,checkPassword
DA:1,1
DA:2,1
DA:3,1
DA:4,1
DA:5,1
DA:6,3
DA:7,3
DA:8,3
DA:9,3
DA:10,3
DA:11,3
DA:12,3
DA:13,3
DA:14,15
DA:15,15
DA:16,15
DA:17,15
DA:18,3
DA:19,1
DA:20,1
DA:21,3
DA:22,3
DA:23,1
DA:24,1
DA:25,8
DA:26,8
DA:27,1
DA:28,1
DA:29,1
LF:29
LH:29
BRDA:5,0,0,3
BRDA:13,1,0,15
BRDA:20,2,0,3
BRDA:24,3,0,8
BRF:4
BRH:4
end_of_record
TN:
SF:src/repositories/ProjectRepository.js
FN:9,index
FN:22,store
FN:70,getIncludes
FN:85,getAttributes
FNF:4
FNH:4
FNDA:1,index
FNDA:2,store
FNDA:1,getIncludes
FNDA:1,getAttributes
DA:1,1
DA:2,1
DA:3,1
DA:4,1
DA:5,1
DA:6,1
DA:7,1
DA:8,1
DA:9,1
DA:10,1
DA:11,1
DA:12,1
DA:13,1
DA:14,1
DA:15,1
DA:16,1
DA:17,1
DA:18,1
DA:19,1
DA:20,1
DA:21,1
DA:22,1
DA:23,2
DA:24,2
DA:25,2
DA:26,2
DA:27,2
DA:28,2
DA:29,2
DA:30,2
DA:31,2
DA:32,2
DA:33,2
DA:34,2
DA:35,2
DA:36,2
DA:37,2
DA:38,2
DA:39,2
DA:40,1
DA:41,2
DA:42,2
DA:43,2
DA:44,2
DA:45,2
DA:46,2
DA:47,2
DA:48,2
DA:49,2
DA:50,2
DA:51,2
DA:52,2
DA:53,2
DA:54,2
DA:55,2
DA:56,2
DA:57,2
DA:58,2
DA:59,2
DA:60,1
DA:61,1
DA:62,2
DA:63,1
DA:64,2
DA:65,1
DA:66,1
DA:67,2
DA:68,1
DA:69,1
DA:70,1
DA:71,1
DA:72,1
DA:73,1
DA:74,1
DA:75,1
DA:76,1
DA:77,1
DA:78,1
DA:79,1
DA:80,1
DA:81,1
DA:82,1
DA:83,1
DA:84,1
DA:85,1
DA:86,1
DA:87,1
DA:88,1
DA:89,1
DA:90,1
DA:91,1
DA:92,1
DA:93,1
DA:94,1
DA:95,1
DA:96,1
DA:97,1
LF:97
LH:97
BRDA:9,0,0,1
BRDA:22,1,0,2
BRDA:24,2,0,2
BRDA:39,3,0,1
BRDA:60,4,0,1
BRDA:62,5,0,1
BRDA:64,6,0,1
BRDA:70,7,0,1
BRDA:85,8,0,1
BRF:9
BRH:9
end_of_record
TN:
SF:src/repositories/UserRepository.js
FN:6,index
FN:17,store
FN:41,login
FN:67,logout
FN:75,getAttributes
FNF:5
FNH:5
FNDA:1,index
FNDA:15,store
FNDA:9,login
FNDA:1,logout
FNDA:1,getAttributes
DA:1,1
DA:2,1
DA:3,1
DA:4,1
DA:5,1
DA:6,1
DA:7,1
DA:8,1
DA:9,1
DA:10,1
DA:11,1
DA:12,1
DA:13,1
DA:14,1
DA:15,1
DA:16,1
DA:17,1
DA:18,15
DA:19,15
DA:20,15
DA:21,15
DA:22,15
DA:23,15
DA:24,15
DA:25,15
DA:26,15
DA:27,15
DA:28,15
DA:29,15
DA:30,15
DA:31,15
DA:32,15
DA:33,15
DA:34,15
DA:35,15
DA:36,15
DA:37,0
DA:38,0
DA:39,15
DA:40,1
DA:41,1
DA:42,9
DA:43,9
DA:44,9
DA:45,9
DA:46,9
DA:47,9
DA:48,9
DA:49,1
DA:50,1
DA:51,8
DA:52,8
DA:53,8
DA:54,8
DA:55,8
DA:56,8
DA:57,8
DA:58,8
DA:59,8
DA:60,8
DA:61,8
DA:62,8
DA:63,8
DA:64,8
DA:65,8
DA:66,1
DA:67,1
DA:68,1
DA:69,1
DA:70,1
DA:71,1
DA:72,1
DA:73,1
DA:74,1
DA:75,1
DA:76,1
DA:77,1
DA:78,1
DA:79,1
DA:80,1
DA:81,1
DA:82,1
DA:83,1
DA:84,1
DA:85,1
DA:86,1
LF:86
LH:84
BRDA:6,0,0,1
BRDA:17,1,0,15
BRDA:19,2,0,15
BRDA:34,3,0,15
BRDA:41,4,0,9
BRDA:48,5,0,8
BRDA:48,6,0,1
BRDA:51,7,0,8
BRDA:67,8,0,1
BRDA:75,9,0,1
BRF:10
BRH:10
end_of_record
TN:
SF:src/scopes/AuthScope.js
FN:1,Object.<anonymous>.module.exports.authScope
FNF:1
FNH:1
FNDA:1,Object.<anonymous>.module.exports.authScope
DA:1,1
DA:2,1
DA:3,1
DA:4,1
DA:5,1
DA:6,1
DA:7,1
LF:7
LH:7
BRDA:1,0,0,1
BRF:1
BRH:1
end_of_record
TN:
SF:src/tests/test-setup.js
FN:16,start
FN:22,getUserTest
FN:26,destroyUsers
FN:30,createUserTest
FN:43,destroyProjects
FN:49,doLogin
FNF:6
FNH:5
FNDA:13,start
FNDA:0,getUserTest
FNDA:13,destroyUsers
FNDA:20,createUserTest
FNDA:13,destroyProjects
FNDA:7,doLogin
DA:1,1
DA:2,1
DA:3,1
DA:4,1
DA:5,1
DA:6,1
DA:7,1
DA:8,1
DA:9,1
DA:10,1
DA:11,1
DA:12,1
DA:13,1
DA:14,1
DA:15,1
DA:16,1
DA:17,13
DA:18,13
DA:19,13
DA:20,13
DA:21,1
DA:22,1
DA:23,0
DA:24,0
DA:25,1
DA:26,1
DA:27,13
DA:28,13
DA:29,1
DA:30,1
DA:31,20
DA:32,20
DA:33,20
DA:34,20
DA:35,13
DA:36,13
DA:37,13
DA:38,13
DA:39,13
DA:40,13
DA:41,20
DA:42,1
DA:43,1
DA:44,13
DA:45,13
DA:46,13
DA:47,13
DA:48,1
DA:49,1
DA:50,7
DA:51,7
DA:52,7
DA:53,7
DA:54,7
DA:55,7
DA:56,1
DA:57,1
DA:58,1
LF:58
LH:56
BRDA:16,0,0,13
BRDA:26,1,0,13
BRDA:30,2,0,20
BRDA:34,3,0,13
BRDA:43,4,0,13
BRDA:49,5,0,7
BRF:6
BRH:6
end_of_record
TN:
SF:src/utils/DatabaseUtil.js
FN:4,Object.<anonymous>.module.exports.getNewDatabaseInstance
FNF:1
FNH:1
FNDA:17,Object.<anonymous>.module.exports.getNewDatabaseInstance
DA:1,1
DA:2,1
DA:3,1
DA:4,1
DA:5,17
DA:6,17
LF:6
LH:6
BRDA:4,0,0,17
BRF:1
BRH:1
end_of_record
TN:
SF:src/validations/ProjectValidation.js
FN:5,store
FN:25,checkUniques
FN:45,getRules
FNF:3
FNH:3
FNDA:3,store
FNDA:3,checkUniques
FNDA:3,getRules
DA:1,1
DA:2,1
DA:3,1
DA:4,1
DA:5,1
DA:6,3
DA:7,3
DA:8,3
DA:9,3
DA:10,1
DA:11,1
DA:12,3
DA:13,3
DA:14,3
DA:15,3
DA:16,3
DA:17,3
DA:18,3
DA:19,3
DA:20,3
DA:21,3
DA:22,3
DA:23,1
DA:24,1
DA:25,3
DA:26,3
DA:27,3
DA:28,3
DA:29,3
DA:30,3
DA:31,2
DA:32,2
DA:33,2
DA:34,2
DA:35,2
DA:36,2
DA:37,2
DA:38,0
DA:39,0
DA:40,2
DA:41,3
DA:42,3
DA:43,3
DA:44,1
DA:45,3
DA:46,3
DA:47,3
DA:48,3
DA:49,3
DA:50,3
DA:51,3
DA:52,3
DA:53,3
DA:54,1
DA:55,1
LF:55
LH:53
BRDA:5,0,0,3
BRDA:9,1,0,1
BRDA:25,2,0,3
BRDA:30,3,0,2
BRDA:37,4,0,0
BRDA:45,5,0,3
BRF:6
BRH:5
end_of_record
TN:
SF:src/validations/UserValidation.js
FN:5,store
FN:24,login
FN:39,checkUniques
FN:59,getRules
FN:67,getLoginRules
FNF:5
FNH:5
FNDA:17,store
FNDA:10,login
FNDA:17,checkUniques
FNDA:17,getRules
FNDA:10,getLoginRules
DA:1,1
DA:2,1
DA:3,1
DA:4,1
DA:5,1
DA:6,17
DA:7,17
DA:8,17
DA:9,17
DA:10,1
DA:11,1
DA:12,17
DA:13,17
DA:14,17
DA:15,17
DA:16,17
DA:17,17
DA:18,17
DA:19,17
DA:20,17
DA:21,17
DA:22,17
DA:23,1
DA:24,1
DA:25,10
DA:26,10
DA:27,10
DA:28,10
DA:29,1
DA:30,1
DA:31,10
DA:32,10
DA:33,10
DA:34,10
DA:35,10
DA:36,10
DA:37,1
DA:38,1
DA:39,17
DA:40,17
DA:41,17
DA:42,17
DA:43,17
DA:44,17
DA:45,16
DA:46,16
DA:47,16
DA:48,16
DA:49,16
DA:50,16
DA:51,16
DA:52,1
DA:53,1
DA:54,16
DA:55,17
DA:56,17
DA:57,17
DA:58,1
DA:59,17
DA:60,17
DA:61,17
DA:62,17
DA:63,17
DA:64,17
DA:65,17
DA:66,1
DA:67,10
DA:68,10
DA:69,10
DA:70,10
DA:71,10
DA:72,10
DA:73,1
DA:74,1
LF:74
LH:74
BRDA:5,0,0,17
BRDA:9,1,0,1
BRDA:24,2,0,10
BRDA:28,3,0,1
BRDA:39,4,0,17
BRDA:44,5,0,16
BRDA:51,6,0,1
BRDA:59,7,0,17
BRDA:67,8,0,10
BRF:9
BRH:9
end_of_record
TN:
SF:src/validations/Validation.js
FN:7,check
FN:19,checkExistsAndResponseError
FN:31,checkNotExistsAndResponseError
FN:37,checkExistsWithExcept
FN:50,checkExists
FN:56,checkHasRelation
FN:69,generateArrayValidationRules
FN:77,verifyErrorsAndReturn
FNF:8
FNH:4
FNDA:30,check
FNDA:18,checkExistsAndResponseError
FNDA:0,checkNotExistsAndResponseError
FNDA:0,checkExistsWithExcept
FNDA:18,checkExists
FNDA:0,checkHasRelation
FNDA:0,generateArrayValidationRules
FNDA:30,verifyErrorsAndReturn
DA:1,1
DA:2,1
DA:3,1
DA:4,1
DA:5,1
DA:6,1
DA:7,1
DA:8,30
DA:9,30
DA:10,30
DA:11,3
DA:12,3
DA:13,9
DA:14,9
DA:15,3
DA:16,3
DA:17,30
DA:18,1
DA:19,1
DA:20,18
DA:21,0
DA:22,0
DA:23,0
DA:24,18
DA:25,18
DA:26,1
DA:27,1
DA:28,18
DA:29,18
DA:30,1
DA:31,1
DA:32,0
DA:33,0
DA:34,0
DA:35,0
DA:36,1
DA:37,1
DA:38,0
DA:39,0
DA:40,0
DA:41,0
DA:42,0
DA:43,0
DA:44,0
DA:45,0
DA:46,0
DA:47,0
DA:48,0
DA:49,1
DA:50,1
DA:51,18
DA:52,18
DA:53,18
DA:54,18
DA:55,1
DA:56,1
DA:57,0
DA:58,0
DA:59,0
DA:60,0
DA:61,0
DA:62,0
DA:63,0
DA:64,0
DA:65,0
DA:66,0
DA:67,0
DA:68,1
DA:69,1
DA:70,0
DA:71,0
DA:72,0
DA:73,0
DA:74,0
DA:75,0
DA:76,1
DA:77,1
DA:78,30
DA:79,30
DA:80,30
DA:81,23
DA:82,10
DA:83,10
DA:84,23
DA:85,30
DA:86,30
DA:87,30
DA:88,1
DA:89,1
DA:90,1
LF:90
LH:55
BRDA:7,0,0,30
BRDA:10,1,0,3
BRDA:12,2,0,9
BRDA:19,3,0,18
BRDA:20,4,0,0
BRDA:25,5,0,1
BRDA:50,6,0,18
BRDA:77,7,0,30
BRDA:80,8,0,23
BRDA:81,9,0,10
BRF:10
BRH:9
end_of_record
